<?xml version="1.0" encoding="UTF-8"?>
<testsuite xmlns:xsi="http://www.w3.org/2001/XMLSchema-instance" xsi:noNamespaceSchemaLocation="https://maven.apache.org/surefire/maven-surefire-plugin/xsd/surefire-test-report.xsd" name="ru.netology.domain.RadioTest" time="0.187" tests="10" errors="0" skipped="0" failures="0">
  <properties>
[...]
</properties>
  <testcase name="threeRadioStation" classname="ru.netology.domain.RadioTest" time="0.063"/>
  <testcase name="setIncreaseVolume" classname="ru.netology.domain.RadioTest" time="0.016"/>
  <testcase name="twoVolume" classname="ru.netology.domain.RadioTest" time="0"/>
  <testcase name="setIncreaseRadioStation" classname="ru.netology.domain.RadioTest" time="0"/>
  <testcase name="threeVolume" classname="ru.netology.domain.RadioTest" time="0"/>
  <testcase name="oneRadioStation" classname="ru.netology.domain.RadioTest" time="0.016"/>
  <testcase name="twoRadioStation" classname="ru.netology.domain.RadioTest" time="0"/>
  <testcase name="fourVolume" classname="ru.netology.domain.RadioTest" time="0"/>
  <testcase name="oneVolume" classname="ru.netology.domain.RadioTest" time="0"/>
  <testcase name="setDecreaseRadioStation" classname="ru.netology.domain.RadioTest" time="0"/>
</testsuite>